<?xml version="1.0" encoding="UTF-8"?>
<!-- Generated by org.testng.reporters.JUnitReportReporter -->
<testsuite hostname="IN-PG02NKK7" failures="0" tests="2" name="amazon.testcases.AmazonTest" time="85.833" errors="0" timestamp="2023-07-21T13:26:58 IST" skipped="0">
  <testcase classname="amazon.testcases.AmazonTest" name="login" time="83.467"/>
  <system-out/>
  <testcase classname="amazon.testcases.AmazonTest" name="region_change" time="2.366"/>
  <system-out/>
</testsuite> <!-- amazon.testcases.AmazonTest -->
